La génération a démarré 07/04/2011 21:03:56.
     1>Projet "C:\Users\olivier\Documents\Visual Studio Projects\DirectXSamples\Tutorial10\Tutorial10_2010.vcxproj" sur le nœud 2 (build cible(s)).
     1>InitializeBuildStatus:
         Création de "Debug\Tutorial10.unsuccessfulbuild", car "AlwaysCreate" a été spécifié.
       ClCompile:
         F:\Logiciels\Visual studio cpp 2010\VC\bin\CL.exe /c /IDXUT\Core /IDXUT\Optional /ZI /nologo /W4 /WX- /Od /Oi /Oy- /D WIN32 /D _DEBUG /D DEBUG /D PROFILE /D _WINDOWS /D D3DXFX_LARGEADDRESS_HANDLE /D _UNICODE /D UNICODE /Gm- /EHsc /RTC1 /MDd /GS /arch:SSE2 /fp:fast /Zc:wchar_t /Zc:forScope /openmp- /Yc"DXUT.h" /Fp"Debug\Tutorial10.pch" /Fo"Debug\\" /Fd"Debug\vc100.pdb" /Gd /TP /analyze- /errorReport:prompt DXUT\Core\DXUT.cpp  
         DXUT.cpp
         F:\Logiciels\Visual studio cpp 2010\VC\bin\CL.exe /c /IDXUT\Core /IDXUT\Optional /ZI /nologo /W4 /WX- /Od /Oi /Oy- /D WIN32 /D _DEBUG /D DEBUG /D PROFILE /D _WINDOWS /D D3DXFX_LARGEADDRESS_HANDLE /D _UNICODE /D UNICODE /Gm- /EHsc /RTC1 /MDd /GS /arch:SSE2 /fp:fast /Zc:wchar_t /Zc:forScope /openmp- /Yu"DXUT.h" /Fp"Debug\Tutorial10.pch" /Fo"Debug\\" /Fd"Debug\vc100.pdb" /Gd /TP /analyze- /errorReport:prompt DXUT\Core\DXUTenum.cpp DXUT\Core\DXUTmisc.cpp DXUT\Optional\DXUTcamera.cpp DXUT\Optional\DXUTgui.cpp DXUT\Optional\DXUTres.cpp DXUT\Optional\DXUTsettingsdlg.cpp DXUT\Optional\SDKmesh.cpp DXUT\Optional\SDKmisc.cpp Tutorial10.cpp  
         DXUTenum.cpp
         DXUTmisc.cpp
         DXUTcamera.cpp
         DXUTgui.cpp
         DXUTres.cpp
         DXUTsettingsdlg.cpp
         SDKmesh.cpp
         SDKmisc.cpp
         Tutorial10.cpp
         Génération de code en cours...
       ResourceCompile:
         C:\Program Files (x86)\Microsoft SDKs\Windows\v7.0A\bin\rc.exe /D _UNICODE /D UNICODE /l"0x0409" /nologo /fo"Debug\Tutorial10.res" Tutorial10.rc 
       ManifestResourceCompile:
         C:\Program Files (x86)\Microsoft SDKs\Windows\v7.0A\bin\rc.exe /nologo /fo"Debug\Tutorial10.exe.embed.manifest.res" Debug\Tutorial10_manifest.rc 
       Link:
         F:\Logiciels\Visual studio cpp 2010\VC\bin\link.exe /ERRORREPORT:PROMPT /OUT:"C:\Users\olivier\Documents\Visual Studio Projects\DirectXSamples\Tutorial10\Debug\Tutorial10.exe" /INCREMENTAL /NOLOGO d3dx10d.lib d3dx9d.lib dxerr.lib dxguid.lib winmm.lib comctl32.lib kernel32.lib user32.lib gdi32.lib winspool.lib comdlg32.lib advapi32.lib shell32.lib ole32.lib oleaut32.lib uuid.lib odbc32.lib odbccp32.lib /MANIFEST /ManifestFile:"Debug\Tutorial10.exe.intermediate.manifest" /MANIFESTUAC:"level='asInvoker' uiAccess='false'" /DEBUG /PDB:"C:\Users\olivier\Documents\Visual Studio Projects\DirectXSamples\Tutorial10\Debug\Tutorial10.pdb" /SUBSYSTEM:WINDOWS /LARGEADDRESSAWARE /TLBID:1 /DYNAMICBASE /NXCOMPAT /IMPLIB:"C:\Users\olivier\Documents\Visual Studio Projects\DirectXSamples\Tutorial10\Debug\Tutorial10.lib" /MACHINE:X86 Debug\Tutorial10.res
         Debug\Tutorial10.exe.embed.manifest.res
         Debug\DXUT.obj
         Debug\DXUTenum.obj
         Debug\DXUTmisc.obj
         Debug\DXUTcamera.obj
         Debug\DXUTgui.obj
         Debug\DXUTres.obj
         Debug\DXUTsettingsdlg.obj
         Debug\SDKmesh.obj
         Debug\SDKmisc.obj
         Debug\Tutorial10.obj  
       Manifest:
         C:\Program Files (x86)\Microsoft SDKs\Windows\v7.0A\bin\mt.exe /nologo /verbose /out:"Debug\Tutorial10.exe.embed.manifest" /manifest Debug\Tutorial10.exe.intermediate.manifest "F:\Logiciels\Visual studio cpp 2010\VC\Include\Manifest\dpiaware.manifest"
         C:\Program Files (x86)\Microsoft SDKs\Windows\v7.0A\bin\rc.exe /nologo /fo"Debug\Tutorial10.exe.embed.manifest.res" Debug\Tutorial10_manifest.rc 
       LinkEmbedManifest:
         F:\Logiciels\Visual studio cpp 2010\VC\bin\link.exe /ERRORREPORT:PROMPT /OUT:"C:\Users\olivier\Documents\Visual Studio Projects\DirectXSamples\Tutorial10\Debug\Tutorial10.exe" /INCREMENTAL /NOLOGO d3dx10d.lib d3dx9d.lib dxerr.lib dxguid.lib winmm.lib comctl32.lib kernel32.lib user32.lib gdi32.lib winspool.lib comdlg32.lib advapi32.lib shell32.lib ole32.lib oleaut32.lib uuid.lib odbc32.lib odbccp32.lib /MANIFEST /ManifestFile:"Debug\Tutorial10.exe.intermediate.manifest" /MANIFESTUAC:"level='asInvoker' uiAccess='false'" /DEBUG /PDB:"C:\Users\olivier\Documents\Visual Studio Projects\DirectXSamples\Tutorial10\Debug\Tutorial10.pdb" /SUBSYSTEM:WINDOWS /LARGEADDRESSAWARE /TLBID:1 /DYNAMICBASE /NXCOMPAT /IMPLIB:"C:\Users\olivier\Documents\Visual Studio Projects\DirectXSamples\Tutorial10\Debug\Tutorial10.lib" /MACHINE:X86 Debug\Tutorial10.res
         Debug\Tutorial10.exe.embed.manifest.res
         Debug\DXUT.obj
         Debug\DXUTenum.obj
         Debug\DXUTmisc.obj
         Debug\DXUTcamera.obj
         Debug\DXUTgui.obj
         Debug\DXUTres.obj
         Debug\DXUTsettingsdlg.obj
         Debug\SDKmesh.obj
         Debug\SDKmisc.obj
         Debug\Tutorial10.obj  
         Tutorial10_2010.vcxproj -> C:\Users\olivier\Documents\Visual Studio Projects\DirectXSamples\Tutorial10\Debug\Tutorial10.exe
       FinalizeBuildStatus:
         Suppression du fichier "Debug\Tutorial10.unsuccessfulbuild".
         Mise à jour de l'horodatage "Debug\Tutorial10.lastbuildstate".
     1>Génération du projet "C:\Users\olivier\Documents\Visual Studio Projects\DirectXSamples\Tutorial10\Tutorial10_2010.vcxproj" terminée (build cible(s)).

La génération a réussi.

Temps écoulé 00:00:15.39
